Using pre-set license
Built from '2020.2/china_unity/release' branch; Version is '2020.2.1f1c1 (252d8215dd99) revision 2436482'; Using compiler version '192528614'; Build Type 'Release'
OS: 'Windows 10  (10.0.0) 64bit' Language: 'zh' Physical Memory: 14215 MB
BatchMode: 1, IsHumanControllingUs: 0, StartBugReporterOnCrash: 0, Is64bit: 1, IsPro: 0

 COMMAND LINE ARGUMENTS:
C:\Program Files\Unity\Hub\Editor\2020.2.1f1c1\Editor\Unity.exe
-adb2
-batchMode
-noUpm
-name
AssetImportWorker0
-projectPath
E:/unity/SunnyLand
-logFile
Logs/AssetImportWorker0.log
-srvPort
50264
Successfully changed project path to: E:/unity/SunnyLand
E:/unity/SunnyLand
Using Asset Import Pipeline V2.
Refreshing native plugins compatible for Editor in 102.14 ms, found 1 plugins.
Preloading 0 native plugins for Editor in 0.00 ms.
Initialize engine version: 2020.2.1f1c1 (252d8215dd99)
[Subsystems] Discovering subsystems at path C:/Program Files/Unity/Hub/Editor/2020.2.1f1c1/Editor/Data/Resources/UnitySubsystems
[Subsystems] Discovering subsystems at path E:/unity/SunnyLand/Assets
GfxDevice: creating device client; threaded=0
Direct3D:
    Version:  Direct3D 11.0 [level 11.1]
    Renderer: AMD Radeon(TM) Graphics (ID=0x15d8)
    Vendor:   
    VRAM:     7107 MB
    Driver:   30.0.13044.0
Initialize mono
Mono path[0] = 'C:/Program Files/Unity/Hub/Editor/2020.2.1f1c1/Editor/Data/Managed'
Mono path[1] = 'C:/Program Files/Unity/Hub/Editor/2020.2.1f1c1/Editor/Data/MonoBleedingEdge/lib/mono/unityjit'
Mono config path = 'C:/Program Files/Unity/Hub/Editor/2020.2.1f1c1/Editor/Data/MonoBleedingEdge/etc'
Using monoOptions --debugger-agent=transport=dt_socket,embedding=1,server=y,suspend=n,address=127.0.0.1:56756
Begin MonoManager ReloadAssembly
Registering precompiled unity dll's ...
Register platform support module: C:/Program Files/Unity/Hub/Editor/2020.2.1f1c1/Editor/Data/PlaybackEngines/WindowsStandaloneSupport/UnityEditor.WindowsStandalone.Extensions.dll
Registered in 0.007110 seconds.
Native extension for WindowsStandalone target not found
Refreshing native plugins compatible for Editor in 1092.18 ms, found 1 plugins.
Preloading 0 native plugins for Editor in 0.00 ms.
Invoked RoslynAnalysisRunner static constructor.
RoslynAnalysisRunner will not be running.
RoslynAnalysisRunner has terminated.
Mono: successfully reloaded assembly
- Completed reload, in 10.164 seconds
Platform modules already initialized, skipping
Registering precompiled user dll's ...
Registered in 0.002048 seconds.
Begin MonoManager ReloadAssembly
Native extension for WindowsStandalone target not found
Refreshing native plugins compatible for Editor in 78.24 ms, found 1 plugins.
Preloading 0 native plugins for Editor in 0.00 ms.
Invoked RoslynAnalysisRunner static constructor.
RoslynAnalysisRunner will not be running.
RoslynAnalysisRunner has terminated.
Mono: successfully reloaded assembly
- Completed reload, in  3.375 seconds
Platform modules already initialized, skipping
========================================================================
Worker process is ready to serve import requests
Launched and connected shader compiler UnityShaderCompiler.exe after 0.06 seconds
Refreshing native plugins compatible for Editor in 0.78 ms, found 1 plugins.
Preloading 0 native plugins for Editor in 0.00 ms.
Unloading 1937 Unused Serialized files (Serialized files now loaded: 0)
System memory in use before: 88.8 MB.
System memory in use after: 88.8 MB.

Unloading 20 unused Assets to reduce memory usage. Loaded Objects now: 2381.
Total: 5.080500 ms (FindLiveObjects: 0.452500 ms CreateObjectMapping: 0.279400 ms MarkObjects: 4.260400 ms  DeleteObjects: 0.085900 ms)

========================================================================
Received Import Request.
  path: Assets/Scripts/CameraController.cs
  artifactKey: Guid(ad459020f8be78540aef45a2ad879dd7) Importer(815301076,1909f56bfc062723c751e8b465ee728b)
Start importing Assets/Scripts/CameraController.cs using Guid(ad459020f8be78540aef45a2ad879dd7) Importer(815301076,1909f56bfc062723c751e8b465ee728b)  -> (artifact id: '7b4e615da8249c7d793c5b5904bae6e5') in 0.038397 seconds
  Import took 0.042431 seconds .

========================================================================
Received Import Request.
  Time since last request: 1.485084 seconds.
  path: Assets/Scripts/PlayerController.cs
  artifactKey: Guid(b3284afe85ca8384188387a0df2fa2cc) Importer(815301076,1909f56bfc062723c751e8b465ee728b)
Start importing Assets/Scripts/PlayerController.cs using Guid(b3284afe85ca8384188387a0df2fa2cc) Importer(815301076,1909f56bfc062723c751e8b465ee728b)  -> (artifact id: '0556aa86d6d850a533336b1cc219a46e') in 0.004297 seconds
  Import took 0.010929 seconds .

========================================================================
Received Import Request.
  Time since last request: 0.689192 seconds.
  path: Assets/Scripts/PlayerController.cs
  artifactKey: Guid(b3284afe85ca8384188387a0df2fa2cc) Importer(815301076,1909f56bfc062723c751e8b465ee728b)
Start importing Assets/Scripts/PlayerController.cs using Guid(b3284afe85ca8384188387a0df2fa2cc) Importer(815301076,1909f56bfc062723c751e8b465ee728b)  -> (artifact id: '0556aa86d6d850a533336b1cc219a46e') in 0.002993 seconds
  Import took 0.008046 seconds .

========================================================================
Received Prepare
Registering precompiled user dll's ...
Registered in 0.001008 seconds.
Begin MonoManager ReloadAssembly
Native extension for WindowsStandalone target not found
Refreshing native plugins compatible for Editor in 0.46 ms, found 1 plugins.
Preloading 0 native plugins for Editor in 0.00 ms.
Invoked RoslynAnalysisRunner static constructor.
RoslynAnalysisRunner will not be running.
RoslynAnalysisRunner has terminated.
Mono: successfully reloaded assembly
- Completed reload, in  1.293 seconds
Platform modules already initialized, skipping
Refreshing native plugins compatible for Editor in 0.46 ms, found 1 plugins.
Preloading 0 native plugins for Editor in 0.00 ms.
Unloading 1925 Unused Serialized files (Serialized files now loaded: 0)
System memory in use before: 88.3 MB.
System memory in use after: 88.4 MB.

Unloading 8 unused Assets to reduce memory usage. Loaded Objects now: 2384.
Total: 3.771100 ms (FindLiveObjects: 0.262000 ms CreateObjectMapping: 0.061600 ms MarkObjects: 3.411800 ms  DeleteObjects: 0.033400 ms)

========================================================================
Received Prepare
Registering precompiled user dll's ...
Registered in 0.001139 seconds.
Begin MonoManager ReloadAssembly
Native extension for WindowsStandalone target not found
Refreshing native plugins compatible for Editor in 0.67 ms, found 1 plugins.
Preloading 0 native plugins for Editor in 0.00 ms.
Invoked RoslynAnalysisRunner static constructor.
RoslynAnalysisRunner will not be running.
RoslynAnalysisRunner has terminated.
Mono: successfully reloaded assembly
- Completed reload, in  1.356 seconds
Platform modules already initialized, skipping
Refreshing native plugins compatible for Editor in 0.75 ms, found 1 plugins.
Preloading 0 native plugins for Editor in 0.00 ms.
Unloading 1926 Unused Serialized files (Serialized files now loaded: 0)
System memory in use before: 88.5 MB.
System memory in use after: 88.6 MB.

Unloading 8 unused Assets to reduce memory usage. Loaded Objects now: 2388.
Total: 7.093100 ms (FindLiveObjects: 0.343300 ms CreateObjectMapping: 0.091800 ms MarkObjects: 6.630400 ms  DeleteObjects: 0.025200 ms)

========================================================================
Received Prepare
Registering precompiled user dll's ...
Registered in 0.001414 seconds.
Begin MonoManager ReloadAssembly
Native extension for WindowsStandalone target not found
Refreshing native plugins compatible for Editor in 0.65 ms, found 1 plugins.
Preloading 0 native plugins for Editor in 0.00 ms.
Invoked RoslynAnalysisRunner static constructor.
RoslynAnalysisRunner will not be running.
RoslynAnalysisRunner has terminated.
Mono: successfully reloaded assembly
- Completed reload, in  2.118 seconds
Platform modules already initialized, skipping
Refreshing native plugins compatible for Editor in 0.69 ms, found 1 plugins.
Preloading 0 native plugins for Editor in 0.00 ms.
Unloading 1926 Unused Serialized files (Serialized files now loaded: 0)
System memory in use before: 88.6 MB.
System memory in use after: 88.7 MB.

Unloading 8 unused Assets to reduce memory usage. Loaded Objects now: 2391.
Total: 5.385700 ms (FindLiveObjects: 0.433600 ms CreateObjectMapping: 0.120800 ms MarkObjects: 4.801500 ms  DeleteObjects: 0.026700 ms)

========================================================================
Received Prepare
Registering precompiled user dll's ...
Registered in 0.001524 seconds.
Begin MonoManager ReloadAssembly
Native extension for WindowsStandalone target not found
Refreshing native plugins compatible for Editor in 0.59 ms, found 1 plugins.
Preloading 0 native plugins for Editor in 0.00 ms.
Invoked RoslynAnalysisRunner static constructor.
RoslynAnalysisRunner will not be running.
RoslynAnalysisRunner has terminated.
Mono: successfully reloaded assembly
- Completed reload, in  1.716 seconds
Platform modules already initialized, skipping
Refreshing native plugins compatible for Editor in 0.64 ms, found 1 plugins.
Preloading 0 native plugins for Editor in 0.00 ms.
Unloading 1926 Unused Serialized files (Serialized files now loaded: 0)
System memory in use before: 88.7 MB.
System memory in use after: 88.8 MB.

Unloading 8 unused Assets to reduce memory usage. Loaded Objects now: 2394.
Total: 3.766200 ms (FindLiveObjects: 0.355000 ms CreateObjectMapping: 0.105600 ms MarkObjects: 3.273500 ms  DeleteObjects: 0.029700 ms)

========================================================================
Received Prepare
Registering precompiled user dll's ...
Registered in 0.001321 seconds.
Begin MonoManager ReloadAssembly
Native extension for WindowsStandalone target not found
Refreshing native plugins compatible for Editor in 0.64 ms, found 1 plugins.
Preloading 0 native plugins for Editor in 0.00 ms.
Invoked RoslynAnalysisRunner static constructor.
RoslynAnalysisRunner will not be running.
RoslynAnalysisRunner has terminated.
Mono: successfully reloaded assembly
- Completed reload, in  1.536 seconds
Platform modules already initialized, skipping
Refreshing native plugins compatible for Editor in 0.66 ms, found 1 plugins.
Preloading 0 native plugins for Editor in 0.00 ms.
Unloading 1927 Unused Serialized files (Serialized files now loaded: 0)
System memory in use before: 88.8 MB.
System memory in use after: 88.9 MB.

Unloading 8 unused Assets to reduce memory usage. Loaded Objects now: 2398.
Total: 3.232000 ms (FindLiveObjects: 0.298600 ms CreateObjectMapping: 0.078200 ms MarkObjects: 2.826100 ms  DeleteObjects: 0.027200 ms)

========================================================================
Received Prepare
Registering precompiled user dll's ...
Registered in 0.001255 seconds.
Begin MonoManager ReloadAssembly
Native extension for WindowsStandalone target not found
Refreshing native plugins compatible for Editor in 0.43 ms, found 1 plugins.
Preloading 0 native plugins for Editor in 0.00 ms.
Invoked RoslynAnalysisRunner static constructor.
RoslynAnalysisRunner will not be running.
RoslynAnalysisRunner has terminated.
Mono: successfully reloaded assembly
- Completed reload, in  1.193 seconds
Platform modules already initialized, skipping
Refreshing native plugins compatible for Editor in 0.42 ms, found 1 plugins.
Preloading 0 native plugins for Editor in 0.00 ms.
Unloading 1927 Unused Serialized files (Serialized files now loaded: 0)
System memory in use before: 88.9 MB.
System memory in use after: 89.0 MB.

Unloading 8 unused Assets to reduce memory usage. Loaded Objects now: 2401.
Total: 3.803800 ms (FindLiveObjects: 0.596100 ms CreateObjectMapping: 0.102000 ms MarkObjects: 3.082100 ms  DeleteObjects: 0.021700 ms)

========================================================================
Received Import Request.
  Time since last request: 546.715529 seconds.
  path: Assets/Scripts/PlayerController.cs
  artifactKey: Guid(b3284afe85ca8384188387a0df2fa2cc) Importer(815301076,1909f56bfc062723c751e8b465ee728b)
Start importing Assets/Scripts/PlayerController.cs using Guid(b3284afe85ca8384188387a0df2fa2cc) Importer(815301076,1909f56bfc062723c751e8b465ee728b)  -> (artifact id: 'f6a4bd4b63a06fa06c1e9d22ebc02102') in 0.006723 seconds
  Import took 0.011464 seconds .

========================================================================
Received Import Request.
  Time since last request: 0.016455 seconds.
  path: Assets/Scripts/PlayerController.cs
  artifactKey: Guid(b3284afe85ca8384188387a0df2fa2cc) Importer(815301076,1909f56bfc062723c751e8b465ee728b)
Start importing Assets/Scripts/PlayerController.cs using Guid(b3284afe85ca8384188387a0df2fa2cc) Importer(815301076,1909f56bfc062723c751e8b465ee728b)  -> (artifact id: 'f6a4bd4b63a06fa06c1e9d22ebc02102') in 0.002911 seconds
  Import took 0.007944 seconds .

========================================================================
Received Prepare
Registering precompiled user dll's ...
Registered in 0.001934 seconds.
Begin MonoManager ReloadAssembly
Native extension for WindowsStandalone target not found
Refreshing native plugins compatible for Editor in 0.64 ms, found 1 plugins.
Preloading 0 native plugins for Editor in 0.00 ms.
Invoked RoslynAnalysisRunner static constructor.
RoslynAnalysisRunner will not be running.
RoslynAnalysisRunner has terminated.
Mono: successfully reloaded assembly
- Completed reload, in  1.558 seconds
Platform modules already initialized, skipping
Refreshing native plugins compatible for Editor in 0.72 ms, found 1 plugins.
Preloading 0 native plugins for Editor in 0.00 ms.
Unloading 1928 Unused Serialized files (Serialized files now loaded: 0)
System memory in use before: 89.0 MB.
System memory in use after: 89.1 MB.

Unloading 8 unused Assets to reduce memory usage. Loaded Objects now: 2405.
Total: 2.621100 ms (FindLiveObjects: 0.246600 ms CreateObjectMapping: 0.049100 ms MarkObjects: 2.301800 ms  DeleteObjects: 0.022200 ms)

========================================================================
Received Import Request.
  Time since last request: 124.818382 seconds.
  path: Assets/Scripts/PlayerController.cs
  artifactKey: Guid(b3284afe85ca8384188387a0df2fa2cc) Importer(815301076,1909f56bfc062723c751e8b465ee728b)
Start importing Assets/Scripts/PlayerController.cs using Guid(b3284afe85ca8384188387a0df2fa2cc) Importer(815301076,1909f56bfc062723c751e8b465ee728b)  -> (artifact id: 'abe5035f1b7f331de89127931dfce35c') in 0.006727 seconds
  Import took 0.011248 seconds .

========================================================================
Received Prepare
Registering precompiled user dll's ...
Registered in 0.001741 seconds.
Begin MonoManager ReloadAssembly
Native extension for WindowsStandalone target not found
Refreshing native plugins compatible for Editor in 0.48 ms, found 1 plugins.
Preloading 0 native plugins for Editor in 0.00 ms.
Invoked RoslynAnalysisRunner static constructor.
RoslynAnalysisRunner will not be running.
RoslynAnalysisRunner has terminated.
Mono: successfully reloaded assembly
- Completed reload, in  1.194 seconds
Platform modules already initialized, skipping
Refreshing native plugins compatible for Editor in 0.45 ms, found 1 plugins.
Preloading 0 native plugins for Editor in 0.00 ms.
Unloading 1926 Unused Serialized files (Serialized files now loaded: 0)
System memory in use before: 89.1 MB.
System memory in use after: 89.2 MB.

Unloading 10 unused Assets to reduce memory usage. Loaded Objects now: 2406.
Total: 3.578900 ms (FindLiveObjects: 0.969200 ms CreateObjectMapping: 0.112600 ms MarkObjects: 2.468300 ms  DeleteObjects: 0.026700 ms)

========================================================================
Received Import Request.
  Time since last request: 507.690296 seconds.
  path: Assets/Scripts/PlayerController.cs
  artifactKey: Guid(b3284afe85ca8384188387a0df2fa2cc) Importer(815301076,1909f56bfc062723c751e8b465ee728b)
Start importing Assets/Scripts/PlayerController.cs using Guid(b3284afe85ca8384188387a0df2fa2cc) Importer(815301076,1909f56bfc062723c751e8b465ee728b)  -> (artifact id: 'e7fc46fa40cf0ac2ddb1e39877129d16') in 0.007644 seconds
  Import took 0.011798 seconds .

========================================================================
Received Prepare
Registering precompiled user dll's ...
Registered in 0.001191 seconds.
Begin MonoManager ReloadAssembly
Native extension for WindowsStandalone target not found
Refreshing native plugins compatible for Editor in 0.47 ms, found 1 plugins.
Preloading 0 native plugins for Editor in 0.00 ms.
Invoked RoslynAnalysisRunner static constructor.
RoslynAnalysisRunner will not be running.
RoslynAnalysisRunner has terminated.
Mono: successfully reloaded assembly
- Completed reload, in  1.355 seconds
Platform modules already initialized, skipping
Refreshing native plugins compatible for Editor in 0.45 ms, found 1 plugins.
Preloading 0 native plugins for Editor in 0.00 ms.
Unloading 1926 Unused Serialized files (Serialized files now loaded: 0)
System memory in use before: 89.2 MB.
System memory in use after: 89.3 MB.

Unloading 8 unused Assets to reduce memory usage. Loaded Objects now: 2409.
Total: 3.812300 ms (FindLiveObjects: 0.306600 ms CreateObjectMapping: 0.085200 ms MarkObjects: 3.386000 ms  DeleteObjects: 0.031800 ms)

========================================================================
Received Import Request.
  Time since last request: 258.566833 seconds.
  path: Assets/Scripts/PlayerController.cs
  artifactKey: Guid(b3284afe85ca8384188387a0df2fa2cc) Importer(815301076,1909f56bfc062723c751e8b465ee728b)
Start importing Assets/Scripts/PlayerController.cs using Guid(b3284afe85ca8384188387a0df2fa2cc) Importer(815301076,1909f56bfc062723c751e8b465ee728b)  -> (artifact id: 'd97d3ec1ec8334895462d7cebcd359cd') in 0.008546 seconds
  Import took 0.014648 seconds .

AssetImportWorkerClient::OnTransportError - code=2 error=End of file
